2021-05-24T04:50:37+00:00 CRITICAL Uncaught Error: Call to undefined function dump() in /var/www/html/wordpress/wp-content/plugins/exertio-framework/inc/rest-api-function.php:75
Stack trace:
#0 /var/www/html/wordpress/wp-includes/rest-api/class-wp-rest-server.php(1139): api_register(Object(WP_REST_Request))
#1 /var/www/html/wordpress/wp-includes/rest-api/class-wp-rest-server.php(985): WP_REST_Server->respond_to_request(Object(WP_REST_Request), '/api/register', Array, NULL)
#2 /var/www/html/wordpress/wp-includes/rest-api/class-wp-rest-server.php(412): WP_REST_Server->dispatch(Object(WP_REST_Request))
#3 /var/www/html/wordpress/wp-includes/rest-api.php(354): WP_REST_Server->serve_request('/api/register')
#4 /var/www/html/wordpress/wp-includes/class-wp-hook.php(292): rest_api_loaded(Object(WP))
#5 /var/www/html/wordpress/wp-includes/class-wp-hook.php(316): WP_Hook->apply_filters(NULL, Array)
#6 /var/www/html/wordpress/wp-includes/plugin.php(551): WP_Hook->do_action(Array)
#7 /var/www/html/wordpress/wp-includes/class-wp.php(388): do_action_ref_arr dans /var/www/html/wordpress/wp-content/plugins/exertio-framework/inc/rest-api-function.php à la ligne 75

2021-05-24T04:52:12+00:00 CRITICAL Uncaught Error: Call to undefined function dump() in /var/www/html/wordpress/wp-content/plugins/exertio-framework/inc/rest-api-function.php:75
Stack trace:
#0 /var/www/html/wordpress/wp-includes/rest-api/class-wp-rest-server.php(1139): api_register(Object(WP_REST_Request))
#1 /var/www/html/wordpress/wp-includes/rest-api/class-wp-rest-server.php(985): WP_REST_Server->respond_to_request(Object(WP_REST_Request), '/api/register', Array, NULL)
#2 /var/www/html/wordpress/wp-includes/rest-api/class-wp-rest-server.php(412): WP_REST_Server->dispatch(Object(WP_REST_Request))
#3 /var/www/html/wordpress/wp-includes/rest-api.php(354): WP_REST_Server->serve_request('/api/register')
#4 /var/www/html/wordpress/wp-includes/class-wp-hook.php(292): rest_api_loaded(Object(WP))
#5 /var/www/html/wordpress/wp-includes/class-wp-hook.php(316): WP_Hook->apply_filters(NULL, Array)
#6 /var/www/html/wordpress/wp-includes/plugin.php(551): WP_Hook->do_action(Array)
#7 /var/www/html/wordpress/wp-includes/class-wp.php(388): do_action_ref_arr dans /var/www/html/wordpress/wp-content/plugins/exertio-framework/inc/rest-api-function.php à la ligne 75

2021-05-24T04:57:20+00:00 CRITICAL Uncaught Error: Call to a member function get_error_message() on integer in /var/www/html/wordpress/wp-content/plugins/exertio-framework/inc/rest-api-function.php:75
Stack trace:
#0 /var/www/html/wordpress/wp-includes/rest-api/class-wp-rest-server.php(1139): api_register(Object(WP_REST_Request))
#1 /var/www/html/wordpress/wp-includes/rest-api/class-wp-rest-server.php(985): WP_REST_Server->respond_to_request(Object(WP_REST_Request), '/api/register', Array, NULL)
#2 /var/www/html/wordpress/wp-includes/rest-api/class-wp-rest-server.php(412): WP_REST_Server->dispatch(Object(WP_REST_Request))
#3 /var/www/html/wordpress/wp-includes/rest-api.php(354): WP_REST_Server->serve_request('/api/register')
#4 /var/www/html/wordpress/wp-includes/class-wp-hook.php(292): rest_api_loaded(Object(WP))
#5 /var/www/html/wordpress/wp-includes/class-wp-hook.php(316): WP_Hook->apply_filters(NULL, Array)
#6 /var/www/html/wordpress/wp-includes/plugin.php(551): WP_Hook->do_action(Array)
#7 /var/www/html/wordpress/wp-includes/class-wp.php( dans /var/www/html/wordpress/wp-content/plugins/exertio-framework/inc/rest-api-function.php à la ligne 75

2021-05-24T08:59:56+00:00 CRITICAL Uncaught ArgumentCountError: Too few arguments to function get_post_meta(), 0 passed in /var/www/html/wordpress/wp-content/plugins/exertio-framework/inc/rest-api-function.php on line 110 and at least 1 expected in /var/www/html/wordpress/wp-includes/post.php:2225
Stack trace:
#0 /var/www/html/wordpress/wp-content/plugins/exertio-framework/inc/rest-api-function.php(110): get_post_meta()
#1 /var/www/html/wordpress/wp-includes/rest-api/class-wp-rest-server.php(1139): profile(Object(WP_REST_Request))
#2 /var/www/html/wordpress/wp-includes/rest-api/class-wp-rest-server.php(985): WP_REST_Server->respond_to_request(Object(WP_REST_Request), '/api/profile', Array, NULL)
#3 /var/www/html/wordpress/wp-includes/rest-api/class-wp-rest-server.php(412): WP_REST_Server->dispatch(Object(WP_REST_Request))
#4 /var/www/html/wordpress/wp-includes/rest-api.php(354): WP_REST_Server->serve_request('/api/profile')
#5 /var/www/html/wordpress/wp-includes/class-wp-hook.php(292): rest_api_loaded(Object(WP))
#6 /var/www/html/wordpress/wp- dans /var/www/html/wordpress/wp-includes/post.php à la ligne 2225

