2021-09-24T10:14:10+00:00 CRITICAL syntax error, unexpected token "foreach" dans C:\xampp\htdocs\wp-dezon\wp-content\themes\exertio\exertio\rest-api-projects.php à la ligne 417

2021-09-24T10:14:10+00:00 CRITICAL syntax error, unexpected token "foreach" dans C:\xampp\htdocs\wp-dezon\wp-content\themes\exertio\exertio\rest-api-projects.php à la ligne 417

2021-09-24T11:25:32+00:00 CRITICAL syntax error, unexpected variable "$delivery_time" dans C:\xampp\htdocs\wp-dezon\wp-content\themes\exertio\exertio\rest-api-services.php à la ligne 167

2021-09-24T12:03:14+00:00 CRITICAL Uncaught TypeError: json_decode(): Argument #1 ($json) must be of type string, array given in C:\xampp\htdocs\wp-dezon\wp-content\themes\exertio\exertio\rest-api-services.php:166
Stack trace:
#0 C:\xampp\htdocs\wp-dezon\wp-content\themes\exertio\exertio\rest-api-services.php(166): json_decode(Array)
#1 C:\xampp\htdocs\wp-dezon\wp-includes\rest-api\class-wp-rest-server.php(1139): getServiceDetail(Object(WP_REST_Request))
#2 C:\xampp\htdocs\wp-dezon\wp-includes\rest-api\class-wp-rest-server.php(985): WP_REST_Server->respond_to_request(Object(WP_REST_Request), '/api/service', Array, NULL)
#3 C:\xampp\htdocs\wp-dezon\wp-includes\rest-api\class-wp-rest-server.php(412): WP_REST_Server->dispatch(Object(WP_REST_Request))
#4 C:\xampp\htdocs\wp-dezon\wp-includes\rest-api.php(354): WP_REST_Server->serve_request('/api/service')
#5 C:\xampp\htdocs\wp-dezon\wp-includes\class-wp-hook.php(292): rest_api_loaded(Object(WP))
#6 C:\xampp\htdocs\wp-dezon\wp-includes\class-wp-hook.php(316): WP_Hook->apply_filters(NULL, Array)
#7 C:\xampp\htdocs\wp-dezon\wp-includes\plugin.php(551): WP_Hook->do_action(Array)
#8 C:\xampp\htdocs\wp-dezon\wp-includes\class-wp.php(388): do_action_ref_array('parse_request', Array)
#9 C:\xampp\htdocs\wp-dezon\wp-includes\class-wp.php(750): WP->parse_request('')
#10 C:\xampp\htdocs\wp-dezon\wp-includes\functions.php(1291): WP->main('')
#11 C:\xampp\htdocs\wp-dezon\wp-blog-header.php(16): wp()
#12 C:\xampp\htdocs\wp-dezon\index.php(17): require('C:\\xampp\\htdocs...')
#13 {main}
  thrown dans C:\xampp\htdocs\wp-dezon\wp-content\themes\exertio\exertio\rest-api-services.php à la ligne 166

2021-09-24T16:09:03+00:00 CRITICAL syntax error, unexpected token ";", expecting "(" dans C:\xampp\htdocs\wp-dezon\wp-content\themes\exertio\exertio\rest-api-projects.php à la ligne 521

