2021-10-16T17:02:55+00:00 CRITICAL syntax error, unexpected variable "$total_count" dans C:\xampp\htdocs\wp-dezon\wp-content\themes\exertio\exertio\rest-api-services.php à la ligne 423

2021-10-16T17:02:56+00:00 CRITICAL syntax error, unexpected variable "$total_count" dans C:\xampp\htdocs\wp-dezon\wp-content\themes\exertio\exertio\rest-api-services.php à la ligne 423

2021-10-16T17:02:56+00:00 CRITICAL syntax error, unexpected variable "$total_count" dans C:\xampp\htdocs\wp-dezon\wp-content\themes\exertio\exertio\rest-api-services.php à la ligne 423

2021-10-16T19:25:35+00:00 CRITICAL Uncaught Error: Object of class WP_REST_Request could not be converted to string in C:\xampp\htdocs\wp-dezon\wp-content\themes\exertio\exertio\rest-api-services.php:461
Stack trace:
#0 C:\xampp\htdocs\wp-dezon\wp-includes\rest-api\class-wp-rest-server.php(1139): saveSingleService(Object(WP_REST_Request))
#1 C:\xampp\htdocs\wp-dezon\wp-includes\rest-api\class-wp-rest-server.php(985): WP_REST_Server->respond_to_request(Object(WP_REST_Request), '/api/services/s...', Array, NULL)
#2 C:\xampp\htdocs\wp-dezon\wp-includes\rest-api\class-wp-rest-server.php(412): WP_REST_Server->dispatch(Object(WP_REST_Request))
#3 C:\xampp\htdocs\wp-dezon\wp-includes\rest-api.php(354): WP_REST_Server->serve_request('/api/services/s...')
#4 C:\xampp\htdocs\wp-dezon\wp-includes\class-wp-hook.php(292): rest_api_loaded(Object(WP))
#5 C:\xampp\htdocs\wp-dezon\wp-includes\class-wp-hook.php(316): WP_Hook->apply_filters(NULL, Array)
#6 C:\xampp\htdocs\wp-dezon\wp-includes\plugin.php(551): WP_Hook->do_action(Array)
#7 C:\xampp\htdocs\wp-dezon\wp-includes\class-wp.php(388): do_action_ref_array('parse_request', Array)
#8 C:\xampp\htdocs\wp-dezon\wp-includes\class-wp.php(750): WP->parse_request('')
#9 C:\xampp\htdocs\wp-dezon\wp-includes\functions.php(1291): WP->main('')
#10 C:\xampp\htdocs\wp-dezon\wp-blog-header.php(16): wp()
#11 C:\xampp\htdocs\wp-dezon\index.php(17): require('C:\\xampp\\htdocs...')
#12 {main}
  thrown dans C:\xampp\htdocs\wp-dezon\wp-content\themes\exertio\exertio\rest-api-services.php à la ligne 461

2021-10-16T19:27:09+00:00 CRITICAL Uncaught Error: Object of class WP_REST_Request could not be converted to string in C:\xampp\htdocs\wp-dezon\wp-content\themes\exertio\exertio\rest-api-services.php:461
Stack trace:
#0 C:\xampp\htdocs\wp-dezon\wp-includes\rest-api\class-wp-rest-server.php(1139): saveSingleService(Object(WP_REST_Request))
#1 C:\xampp\htdocs\wp-dezon\wp-includes\rest-api\class-wp-rest-server.php(985): WP_REST_Server->respond_to_request(Object(WP_REST_Request), '/api/services/s...', Array, NULL)
#2 C:\xampp\htdocs\wp-dezon\wp-includes\rest-api\class-wp-rest-server.php(412): WP_REST_Server->dispatch(Object(WP_REST_Request))
#3 C:\xampp\htdocs\wp-dezon\wp-includes\rest-api.php(354): WP_REST_Server->serve_request('/api/services/s...')
#4 C:\xampp\htdocs\wp-dezon\wp-includes\class-wp-hook.php(292): rest_api_loaded(Object(WP))
#5 C:\xampp\htdocs\wp-dezon\wp-includes\class-wp-hook.php(316): WP_Hook->apply_filters(NULL, Array)
#6 C:\xampp\htdocs\wp-dezon\wp-includes\plugin.php(551): WP_Hook->do_action(Array)
#7 C:\xampp\htdocs\wp-dezon\wp-includes\class-wp.php(388): do_action_ref_array('parse_request', Array)
#8 C:\xampp\htdocs\wp-dezon\wp-includes\class-wp.php(750): WP->parse_request('')
#9 C:\xampp\htdocs\wp-dezon\wp-includes\functions.php(1291): WP->main('')
#10 C:\xampp\htdocs\wp-dezon\wp-blog-header.php(16): wp()
#11 C:\xampp\htdocs\wp-dezon\index.php(17): require('C:\\xampp\\htdocs...')
#12 {main}
  thrown dans C:\xampp\htdocs\wp-dezon\wp-content\themes\exertio\exertio\rest-api-services.php à la ligne 461

2021-10-16T19:27:38+00:00 CRITICAL Uncaught Error: Object of class WP_REST_Request could not be converted to string in C:\xampp\htdocs\wp-dezon\wp-content\themes\exertio\exertio\rest-api-services.php:461
Stack trace:
#0 C:\xampp\htdocs\wp-dezon\wp-includes\rest-api\class-wp-rest-server.php(1139): saveSingleService(Object(WP_REST_Request))
#1 C:\xampp\htdocs\wp-dezon\wp-includes\rest-api\class-wp-rest-server.php(985): WP_REST_Server->respond_to_request(Object(WP_REST_Request), '/api/services/s...', Array, NULL)
#2 C:\xampp\htdocs\wp-dezon\wp-includes\rest-api\class-wp-rest-server.php(412): WP_REST_Server->dispatch(Object(WP_REST_Request))
#3 C:\xampp\htdocs\wp-dezon\wp-includes\rest-api.php(354): WP_REST_Server->serve_request('/api/services/s...')
#4 C:\xampp\htdocs\wp-dezon\wp-includes\class-wp-hook.php(292): rest_api_loaded(Object(WP))
#5 C:\xampp\htdocs\wp-dezon\wp-includes\class-wp-hook.php(316): WP_Hook->apply_filters(NULL, Array)
#6 C:\xampp\htdocs\wp-dezon\wp-includes\plugin.php(551): WP_Hook->do_action(Array)
#7 C:\xampp\htdocs\wp-dezon\wp-includes\class-wp.php(388): do_action_ref_array('parse_request', Array)
#8 C:\xampp\htdocs\wp-dezon\wp-includes\class-wp.php(750): WP->parse_request('')
#9 C:\xampp\htdocs\wp-dezon\wp-includes\functions.php(1291): WP->main('')
#10 C:\xampp\htdocs\wp-dezon\wp-blog-header.php(16): wp()
#11 C:\xampp\htdocs\wp-dezon\index.php(17): require('C:\\xampp\\htdocs...')
#12 {main}
  thrown dans C:\xampp\htdocs\wp-dezon\wp-content\themes\exertio\exertio\rest-api-services.php à la ligne 461

2021-10-16T19:27:42+00:00 CRITICAL Uncaught Error: Object of class WP_REST_Request could not be converted to string in C:\xampp\htdocs\wp-dezon\wp-content\themes\exertio\exertio\rest-api-services.php:461
Stack trace:
#0 C:\xampp\htdocs\wp-dezon\wp-includes\rest-api\class-wp-rest-server.php(1139): saveSingleService(Object(WP_REST_Request))
#1 C:\xampp\htdocs\wp-dezon\wp-includes\rest-api\class-wp-rest-server.php(985): WP_REST_Server->respond_to_request(Object(WP_REST_Request), '/api/services/s...', Array, NULL)
#2 C:\xampp\htdocs\wp-dezon\wp-includes\rest-api\class-wp-rest-server.php(412): WP_REST_Server->dispatch(Object(WP_REST_Request))
#3 C:\xampp\htdocs\wp-dezon\wp-includes\rest-api.php(354): WP_REST_Server->serve_request('/api/services/s...')
#4 C:\xampp\htdocs\wp-dezon\wp-includes\class-wp-hook.php(292): rest_api_loaded(Object(WP))
#5 C:\xampp\htdocs\wp-dezon\wp-includes\class-wp-hook.php(316): WP_Hook->apply_filters(NULL, Array)
#6 C:\xampp\htdocs\wp-dezon\wp-includes\plugin.php(551): WP_Hook->do_action(Array)
#7 C:\xampp\htdocs\wp-dezon\wp-includes\class-wp.php(388): do_action_ref_array('parse_request', Array)
#8 C:\xampp\htdocs\wp-dezon\wp-includes\class-wp.php(750): WP->parse_request('')
#9 C:\xampp\htdocs\wp-dezon\wp-includes\functions.php(1291): WP->main('')
#10 C:\xampp\htdocs\wp-dezon\wp-blog-header.php(16): wp()
#11 C:\xampp\htdocs\wp-dezon\index.php(17): require('C:\\xampp\\htdocs...')
#12 {main}
  thrown dans C:\xampp\htdocs\wp-dezon\wp-content\themes\exertio\exertio\rest-api-services.php à la ligne 461

2021-10-16T19:32:59+00:00 CRITICAL Uncaught Error: Object of class WP_REST_Request could not be converted to string in C:\xampp\htdocs\wp-dezon\wp-content\themes\exertio\exertio\rest-api-services.php:461
Stack trace:
#0 C:\xampp\htdocs\wp-dezon\wp-includes\rest-api\class-wp-rest-server.php(1139): saveSingleService(Object(WP_REST_Request))
#1 C:\xampp\htdocs\wp-dezon\wp-includes\rest-api\class-wp-rest-server.php(985): WP_REST_Server->respond_to_request(Object(WP_REST_Request), '/api/services/s...', Array, NULL)
#2 C:\xampp\htdocs\wp-dezon\wp-includes\rest-api\class-wp-rest-server.php(412): WP_REST_Server->dispatch(Object(WP_REST_Request))
#3 C:\xampp\htdocs\wp-dezon\wp-includes\rest-api.php(354): WP_REST_Server->serve_request('/api/services/s...')
#4 C:\xampp\htdocs\wp-dezon\wp-includes\class-wp-hook.php(292): rest_api_loaded(Object(WP))
#5 C:\xampp\htdocs\wp-dezon\wp-includes\class-wp-hook.php(316): WP_Hook->apply_filters(NULL, Array)
#6 C:\xampp\htdocs\wp-dezon\wp-includes\plugin.php(551): WP_Hook->do_action(Array)
#7 C:\xampp\htdocs\wp-dezon\wp-includes\class-wp.php(388): do_action_ref_array('parse_request', Array)
#8 C:\xampp\htdocs\wp-dezon\wp-includes\class-wp.php(750): WP->parse_request('')
#9 C:\xampp\htdocs\wp-dezon\wp-includes\functions.php(1291): WP->main('')
#10 C:\xampp\htdocs\wp-dezon\wp-blog-header.php(16): wp()
#11 C:\xampp\htdocs\wp-dezon\index.php(17): require('C:\\xampp\\htdocs...')
#12 {main}
  thrown dans C:\xampp\htdocs\wp-dezon\wp-content\themes\exertio\exertio\rest-api-services.php à la ligne 461

2021-10-16T19:33:27+00:00 CRITICAL Uncaught Error: Object of class WP_REST_Request could not be converted to string in C:\xampp\htdocs\wp-dezon\wp-content\themes\exertio\exertio\rest-api-services.php:461
Stack trace:
#0 C:\xampp\htdocs\wp-dezon\wp-includes\rest-api\class-wp-rest-server.php(1139): saveSingleService(Object(WP_REST_Request))
#1 C:\xampp\htdocs\wp-dezon\wp-includes\rest-api\class-wp-rest-server.php(985): WP_REST_Server->respond_to_request(Object(WP_REST_Request), '/api/services/s...', Array, NULL)
#2 C:\xampp\htdocs\wp-dezon\wp-includes\rest-api\class-wp-rest-server.php(412): WP_REST_Server->dispatch(Object(WP_REST_Request))
#3 C:\xampp\htdocs\wp-dezon\wp-includes\rest-api.php(354): WP_REST_Server->serve_request('/api/services/s...')
#4 C:\xampp\htdocs\wp-dezon\wp-includes\class-wp-hook.php(292): rest_api_loaded(Object(WP))
#5 C:\xampp\htdocs\wp-dezon\wp-includes\class-wp-hook.php(316): WP_Hook->apply_filters(NULL, Array)
#6 C:\xampp\htdocs\wp-dezon\wp-includes\plugin.php(551): WP_Hook->do_action(Array)
#7 C:\xampp\htdocs\wp-dezon\wp-includes\class-wp.php(388): do_action_ref_array('parse_request', Array)
#8 C:\xampp\htdocs\wp-dezon\wp-includes\class-wp.php(750): WP->parse_request('')
#9 C:\xampp\htdocs\wp-dezon\wp-includes\functions.php(1291): WP->main('')
#10 C:\xampp\htdocs\wp-dezon\wp-blog-header.php(16): wp()
#11 C:\xampp\htdocs\wp-dezon\index.php(17): require('C:\\xampp\\htdocs...')
#12 {main}
  thrown dans C:\xampp\htdocs\wp-dezon\wp-content\themes\exertio\exertio\rest-api-services.php à la ligne 461

2021-10-16T19:33:30+00:00 CRITICAL Uncaught Error: Object of class WP_REST_Request could not be converted to string in C:\xampp\htdocs\wp-dezon\wp-content\themes\exertio\exertio\rest-api-services.php:461
Stack trace:
#0 C:\xampp\htdocs\wp-dezon\wp-includes\rest-api\class-wp-rest-server.php(1139): saveSingleService(Object(WP_REST_Request))
#1 C:\xampp\htdocs\wp-dezon\wp-includes\rest-api\class-wp-rest-server.php(985): WP_REST_Server->respond_to_request(Object(WP_REST_Request), '/api/services/s...', Array, NULL)
#2 C:\xampp\htdocs\wp-dezon\wp-includes\rest-api\class-wp-rest-server.php(412): WP_REST_Server->dispatch(Object(WP_REST_Request))
#3 C:\xampp\htdocs\wp-dezon\wp-includes\rest-api.php(354): WP_REST_Server->serve_request('/api/services/s...')
#4 C:\xampp\htdocs\wp-dezon\wp-includes\class-wp-hook.php(292): rest_api_loaded(Object(WP))
#5 C:\xampp\htdocs\wp-dezon\wp-includes\class-wp-hook.php(316): WP_Hook->apply_filters(NULL, Array)
#6 C:\xampp\htdocs\wp-dezon\wp-includes\plugin.php(551): WP_Hook->do_action(Array)
#7 C:\xampp\htdocs\wp-dezon\wp-includes\class-wp.php(388): do_action_ref_array('parse_request', Array)
#8 C:\xampp\htdocs\wp-dezon\wp-includes\class-wp.php(750): WP->parse_request('')
#9 C:\xampp\htdocs\wp-dezon\wp-includes\functions.php(1291): WP->main('')
#10 C:\xampp\htdocs\wp-dezon\wp-blog-header.php(16): wp()
#11 C:\xampp\htdocs\wp-dezon\index.php(17): require('C:\\xampp\\htdocs...')
#12 {main}
  thrown dans C:\xampp\htdocs\wp-dezon\wp-content\themes\exertio\exertio\rest-api-services.php à la ligne 461

2021-10-16T19:34:34+00:00 CRITICAL syntax error, unexpected token "if" dans C:\xampp\htdocs\wp-dezon\wp-content\themes\exertio\exertio\rest-api-services.php à la ligne 464

2021-10-16T19:34:34+00:00 CRITICAL syntax error, unexpected token "if" dans C:\xampp\htdocs\wp-dezon\wp-content\themes\exertio\exertio\rest-api-services.php à la ligne 464

2021-10-16T19:35:23+00:00 CRITICAL Uncaught Error: Object of class WP_REST_Request could not be converted to string in C:\xampp\htdocs\wp-dezon\wp-content\themes\exertio\exertio\rest-api-services.php:461
Stack trace:
#0 C:\xampp\htdocs\wp-dezon\wp-includes\rest-api\class-wp-rest-server.php(1139): saveSingleService(Object(WP_REST_Request))
#1 C:\xampp\htdocs\wp-dezon\wp-includes\rest-api\class-wp-rest-server.php(985): WP_REST_Server->respond_to_request(Object(WP_REST_Request), '/api/services/s...', Array, NULL)
#2 C:\xampp\htdocs\wp-dezon\wp-includes\rest-api\class-wp-rest-server.php(412): WP_REST_Server->dispatch(Object(WP_REST_Request))
#3 C:\xampp\htdocs\wp-dezon\wp-includes\rest-api.php(354): WP_REST_Server->serve_request('/api/services/s...')
#4 C:\xampp\htdocs\wp-dezon\wp-includes\class-wp-hook.php(292): rest_api_loaded(Object(WP))
#5 C:\xampp\htdocs\wp-dezon\wp-includes\class-wp-hook.php(316): WP_Hook->apply_filters(NULL, Array)
#6 C:\xampp\htdocs\wp-dezon\wp-includes\plugin.php(551): WP_Hook->do_action(Array)
#7 C:\xampp\htdocs\wp-dezon\wp-includes\class-wp.php(388): do_action_ref_array('parse_request', Array)
#8 C:\xampp\htdocs\wp-dezon\wp-includes\class-wp.php(750): WP->parse_request('')
#9 C:\xampp\htdocs\wp-dezon\wp-includes\functions.php(1291): WP->main('')
#10 C:\xampp\htdocs\wp-dezon\wp-blog-header.php(16): wp()
#11 C:\xampp\htdocs\wp-dezon\index.php(17): require('C:\\xampp\\htdocs...')
#12 {main}
  thrown dans C:\xampp\htdocs\wp-dezon\wp-content\themes\exertio\exertio\rest-api-services.php à la ligne 461

2021-10-16T19:38:50+00:00 CRITICAL Uncaught Error: Object of class WP_REST_Request could not be converted to string in C:\xampp\htdocs\wp-dezon\wp-content\themes\exertio\exertio\rest-api-services.php:461
Stack trace:
#0 C:\xampp\htdocs\wp-dezon\wp-includes\rest-api\class-wp-rest-server.php(1139): saveSingleService(Object(WP_REST_Request))
#1 C:\xampp\htdocs\wp-dezon\wp-includes\rest-api\class-wp-rest-server.php(985): WP_REST_Server->respond_to_request(Object(WP_REST_Request), '/api/services/s...', Array, NULL)
#2 C:\xampp\htdocs\wp-dezon\wp-includes\rest-api\class-wp-rest-server.php(412): WP_REST_Server->dispatch(Object(WP_REST_Request))
#3 C:\xampp\htdocs\wp-dezon\wp-includes\rest-api.php(354): WP_REST_Server->serve_request('/api/services/s...')
#4 C:\xampp\htdocs\wp-dezon\wp-includes\class-wp-hook.php(292): rest_api_loaded(Object(WP))
#5 C:\xampp\htdocs\wp-dezon\wp-includes\class-wp-hook.php(316): WP_Hook->apply_filters(NULL, Array)
#6 C:\xampp\htdocs\wp-dezon\wp-includes\plugin.php(551): WP_Hook->do_action(Array)
#7 C:\xampp\htdocs\wp-dezon\wp-includes\class-wp.php(388): do_action_ref_array('parse_request', Array)
#8 C:\xampp\htdocs\wp-dezon\wp-includes\class-wp.php(750): WP->parse_request('')
#9 C:\xampp\htdocs\wp-dezon\wp-includes\functions.php(1291): WP->main('')
#10 C:\xampp\htdocs\wp-dezon\wp-blog-header.php(16): wp()
#11 C:\xampp\htdocs\wp-dezon\index.php(17): require('C:\\xampp\\htdocs...')
#12 {main}
  thrown dans C:\xampp\htdocs\wp-dezon\wp-content\themes\exertio\exertio\rest-api-services.php à la ligne 461

2021-10-16T19:44:26+00:00 CRITICAL Uncaught Error: Undefined constant "functio" in C:\xampp\htdocs\wp-dezon\wp-content\themes\exertio\exertio\rest-api-services.php:488
Stack trace:
#0 C:\xampp\htdocs\wp-dezon\wp-content\themes\exertio\exertio\rest-api-function.php(911): include()
#1 C:\xampp\htdocs\wp-dezon\wp-content\themes\exertio\exertio\rest-routes.php(2): include('C:\\xampp\\htdocs...')
#2 C:\xampp\htdocs\wp-dezon\wp-content\themes\exertio\exertio\functions.php(33): include('C:\\xampp\\htdocs...')
#3 C:\xampp\htdocs\wp-dezon\wp-settings.php(528): include('C:\\xampp\\htdocs...')
#4 C:\xampp\htdocs\wp-dezon\wp-config.php(89): require_once('C:\\xampp\\htdocs...')
#5 C:\xampp\htdocs\wp-dezon\wp-load.php(37): require_once('C:\\xampp\\htdocs...')
#6 C:\xampp\htdocs\wp-dezon\wp-blog-header.php(13): require_once('C:\\xampp\\htdocs...')
#7 C:\xampp\htdocs\wp-dezon\index.php(17): require('C:\\xampp\\htdocs...')
#8 {main}
  thrown dans C:\xampp\htdocs\wp-dezon\wp-content\themes\exertio\exertio\rest-api-services.php à la ligne 488

2021-10-16T19:44:27+00:00 CRITICAL Uncaught Error: Undefined constant "functio" in C:\xampp\htdocs\wp-dezon\wp-content\themes\exertio\exertio\rest-api-services.php:488
Stack trace:
#0 C:\xampp\htdocs\wp-dezon\wp-content\themes\exertio\exertio\rest-api-function.php(911): include()
#1 C:\xampp\htdocs\wp-dezon\wp-content\themes\exertio\exertio\rest-routes.php(2): include('C:\\xampp\\htdocs...')
#2 C:\xampp\htdocs\wp-dezon\wp-content\themes\exertio\exertio\functions.php(33): include('C:\\xampp\\htdocs...')
#3 C:\xampp\htdocs\wp-dezon\wp-settings.php(528): include('C:\\xampp\\htdocs...')
#4 C:\xampp\htdocs\wp-dezon\wp-config.php(89): require_once('C:\\xampp\\htdocs...')
#5 C:\xampp\htdocs\wp-dezon\wp-load.php(37): require_once('C:\\xampp\\htdocs...')
#6 C:\xampp\htdocs\wp-dezon\wp-blog-header.php(13): require_once('C:\\xampp\\htdocs...')
#7 C:\xampp\htdocs\wp-dezon\index.php(17): require('C:\\xampp\\htdocs...')
#8 {main}
  thrown dans C:\xampp\htdocs\wp-dezon\wp-content\themes\exertio\exertio\rest-api-services.php à la ligne 488

