2021-06-02T07:08:19+00:00 CRITICAL Uncaught Error: Call to undefined function dd() in /var/www/html/wordpress/wp-content/themes/exertio/exertio/rest-api-function.php:147
Stack trace:
#0 /var/www/html/wordpress/wp-includes/rest-api/class-wp-rest-server.php(1139): profile(Object(WP_REST_Request))
#1 /var/www/html/wordpress/wp-includes/rest-api/class-wp-rest-server.php(985): WP_REST_Server->respond_to_request(Object(WP_REST_Request), '/api/profile', Array, NULL)
#2 /var/www/html/wordpress/wp-includes/rest-api/class-wp-rest-server.php(412): WP_REST_Server->dispatch(Object(WP_REST_Request))
#3 /var/www/html/wordpress/wp-includes/rest-api.php(354): WP_REST_Server->serve_request('/api/profile')
#4 /var/www/html/wordpress/wp-includes/class-wp-hook.php(292): rest_api_loaded(Object(WP))
#5 /var/www/html/wordpress/wp-includes/class-wp-hook.php(316): WP_Hook->apply_filters(NULL, Array)
#6 /var/www/html/wordpress/wp-includes/plugin.php(551): WP_Hook->do_action(Array)
#7 /var/www/html/wordpress/wp-includes/class-wp.php(388): do_action_ref_array('parse_reque dans /var/www/html/wordpress/wp-content/themes/exertio/exertio/rest-api-function.php à la ligne 147

2021-06-02T07:08:48+00:00 CRITICAL Uncaught Error: Call to undefined function dump() in /var/www/html/wordpress/wp-content/themes/exertio/exertio/rest-api-function.php:147
Stack trace:
#0 /var/www/html/wordpress/wp-includes/rest-api/class-wp-rest-server.php(1139): profile(Object(WP_REST_Request))
#1 /var/www/html/wordpress/wp-includes/rest-api/class-wp-rest-server.php(985): WP_REST_Server->respond_to_request(Object(WP_REST_Request), '/api/profile', Array, NULL)
#2 /var/www/html/wordpress/wp-includes/rest-api/class-wp-rest-server.php(412): WP_REST_Server->dispatch(Object(WP_REST_Request))
#3 /var/www/html/wordpress/wp-includes/rest-api.php(354): WP_REST_Server->serve_request('/api/profile')
#4 /var/www/html/wordpress/wp-includes/class-wp-hook.php(292): rest_api_loaded(Object(WP))
#5 /var/www/html/wordpress/wp-includes/class-wp-hook.php(316): WP_Hook->apply_filters(NULL, Array)
#6 /var/www/html/wordpress/wp-includes/plugin.php(551): WP_Hook->do_action(Array)
#7 /var/www/html/wordpress/wp-includes/class-wp.php(388): do_action_ref_array('parse_req dans /var/www/html/wordpress/wp-content/themes/exertio/exertio/rest-api-function.php à la ligne 147

2021-06-02T07:10:17+00:00 CRITICAL Uncaught Error: Call to undefined function int_val() in /var/www/html/wordpress/wp-content/themes/exertio/exertio/rest-api-function.php:148
Stack trace:
#0 /var/www/html/wordpress/wp-includes/rest-api/class-wp-rest-server.php(1139): profile(Object(WP_REST_Request))
#1 /var/www/html/wordpress/wp-includes/rest-api/class-wp-rest-server.php(985): WP_REST_Server->respond_to_request(Object(WP_REST_Request), '/api/profile', Array, NULL)
#2 /var/www/html/wordpress/wp-includes/rest-api/class-wp-rest-server.php(412): WP_REST_Server->dispatch(Object(WP_REST_Request))
#3 /var/www/html/wordpress/wp-includes/rest-api.php(354): WP_REST_Server->serve_request('/api/profile')
#4 /var/www/html/wordpress/wp-includes/class-wp-hook.php(292): rest_api_loaded(Object(WP))
#5 /var/www/html/wordpress/wp-includes/class-wp-hook.php(316): WP_Hook->apply_filters(NULL, Array)
#6 /var/www/html/wordpress/wp-includes/plugin.php(551): WP_Hook->do_action(Array)
#7 /var/www/html/wordpress/wp-includes/class-wp.php(388): do_action_ref_array('parse_ dans /var/www/html/wordpress/wp-content/themes/exertio/exertio/rest-api-function.php à la ligne 148

